INFO       2021-02-16 16:12:10,624 Метод get_all_employees вызван
INFO       2021-02-16 16:12:10,661 Метод get_emploee_in_position вызван
INFO       2021-02-16 16:12:10,674 Метод get_all_Control вызван
INFO       2021-02-16 16:12:10,675 Метод add_empl вызван
INFO       2021-02-16 16:12:10,682 Метод get_all_HumResDep вызван
INFO       2021-02-16 16:12:10,684 Метод add_empl вызван
INFO       2021-02-16 16:12:10,690 Метод get_all_Bookkeeping вызван
INFO       2021-02-16 16:12:10,691 Метод add_empl вызван
INFO       2021-02-16 16:12:10,712 Метод get_all_Production вызван
INFO       2021-02-16 16:12:10,719 Метод add_empl вызван
INFO       2021-02-16 16:12:10,747 Метод fire_employee вызван
INFO       2021-02-16 16:12:10,767 Метод get_all_employees вызван
INFO       2021-02-16 16:12:10,835 Метод get_all_Production вызван
INFO       2021-02-16 16:12:10,842 Метод add_empl вызван
INFO       2021-02-16 22:06:12,009 Метод get_all_employees вызван
INFO       2021-02-16 22:06:12,069 Метод get_emploee_in_position вызван
INFO       2021-02-16 22:06:12,094 Метод get_all_Control вызван
INFO       2021-02-16 22:06:12,099 Метод add_empl вызван
INFO       2021-02-16 22:06:12,119 Метод get_all_HumResDep вызван
INFO       2021-02-16 22:06:12,124 Метод add_empl вызван
INFO       2021-02-16 22:06:12,139 Метод get_all_Bookkeeping вызван
INFO       2021-02-16 22:06:12,144 Метод add_empl вызван
INFO       2021-02-16 22:06:12,189 Метод get_all_Production вызван
INFO       2021-02-16 22:06:12,204 Метод add_empl вызван
INFO       2021-02-16 22:06:12,289 Метод fire_employee вызван
INFO       2021-02-16 22:06:12,344 Метод get_all_employees вызван
INFO       2021-02-16 22:06:12,484 Метод get_all_Production вызван
INFO       2021-02-16 22:06:12,494 Метод add_empl вызван
